--- Copying files at Fri Feb 28 23:12:30 UTC 2020
INSTALLED plugins/pipeline-model-definition.jpi : 1.5.1
INSTALLED plugins/credentials-binding.jpi : 1.21
INSTALLED plugins/workflow-cps.jpi : 2.80
INSTALLED plugins/pipeline-build-step.jpi : 2.11
INSTALLED plugins/mailer.jpi : 1.30
INSTALLED plugins/matrix-project.jpi : 1.14
INSTALLED plugins/workflow-multibranch.jpi : 2.21
INSTALLED plugins/envinject-api.jpi : 1.7
INSTALLED plugins/authentication-tokens.jpi : 1.3
INSTALLED plugins/workflow-job.jpi : 2.36
INSTALLED plugins/credentials.jpi : 2.3.3
INSTALLED plugins/ace-editor.jpi : 1.1
INSTALLED plugins/pipeline-model-extensions.jpi : 1.5.1
INSTALLED plugins/workflow-support.jpi : 3.4
INSTALLED plugins/jquery-detached.jpi : 1.2.1
INSTALLED plugins/display-url-api.jpi : 2.3.2
INSTALLED plugins/run-condition.jpi : 1.2
INSTALLED plugins/job-dsl.jpi : 1.76
INSTALLED plugins/description-setter.jpi : 1.10
INSTALLED plugins/ssh-credentials.jpi : 1.18.1
INSTALLED plugins/token-macro.jpi : 2.11
INSTALLED plugins/parameterized-trigger.jpi : 2.36
INSTALLED plugins/pipeline-stage-tags-metadata.jpi : 1.5.1
INSTALLED plugins/durable-task.jpi : 1.33
INSTALLED plugins/handlebars.jpi : 1.1.1
INSTALLED plugins/cloudbees-folder.jpi : 6.11.1
INSTALLED plugins/pipeline-model-api.jpi : 1.5.1
INSTALLED plugins/junit.jpi : 1.28
INSTALLED plugins/script-security.jpi : 1.70
INSTALLED plugins/workflow-api.jpi : 2.40
INSTALLED plugins/workflow-basic-steps.jpi : 2.19
INSTALLED plugins/envinject.jpi : 2.3.0
INSTALLED plugins/pipeline-model-declarative-agent.jpi : 1.1.1
INSTALLED plugins/matrix-auth.jpi : 2.5
INSTALLED plugins/structs.jpi : 1.20
INSTALLED plugins/docker-commons.jpi : 1.16
INSTALLED plugins/plain-credentials.jpi : 1.7
INSTALLED plugins/pipeline-stage-step.jpi : 2.3
INSTALLED plugins/pipeline-stage-view.jpi : 2.13
INSTALLED plugins/jackson2-api.jpi : 2.10.2
INSTALLED plugins/pipeline-milestone-step.jpi : 1.3.1
INSTALLED plugins/momentjs.jpi : 1.1.1
INSTALLED plugins/workflow-scm-step.jpi : 2.10
INSTALLED plugins/branch-api.jpi : 2.5.5
INSTALLED plugins/git.jpi : 4.1.1
INSTALLED plugins/git-client.jpi : 3.1.1
INSTALLED plugins/workflow-cps-global-lib.jpi : 2.15
INSTALLED plugins/jsch.jpi : 0.1.55.2
INSTALLED plugins/maven-plugin.jpi : 3.4
INSTALLED plugins/scm-api.jpi : 2.6.3
INSTALLED plugins/apache-httpcomponents-client-4-api.jpi : 4.5.10-2.0
INSTALLED plugins/git-server.jpi : 1.9
INSTALLED plugins/workflow-step-api.jpi : 2.22
INSTALLED plugins/seed.jpi : 2.1.4
INSTALLED plugins/pipeline-rest-api.jpi : 2.13
INSTALLED plugins/workflow-durable-task-step.jpi : 2.35
INSTALLED plugins/pipeline-graph-analysis.jpi : 1.10
INSTALLED plugins/conditional-buildstep.jpi : 1.3.6
INSTALLED plugins/docker-workflow.jpi : 1.22
INSTALLED plugins/pipeline-input-step.jpi : 2.11
INSTALLED plugins/trilead-api.jpi : 1.0.5
INSTALLED plugins/javadoc.jpi : 1.5
INSTALLED plugins/workflow-aggregator.jpi : 2.6
INSTALLED plugins/lockable-resources.jpi : 2.7
--- Copying files at Fri Feb 28 23:48:10 UTC 2020
--- Copying files at Fri Feb 28 23:55:39 UTC 2020
--- Copying files at Mon Mar  2 13:50:06 UTC 2020
--- Copying files at Mon Mar  2 14:13:09 UTC 2020
