Started
[Sat Feb 29 00:05:48 GMT 2020] Starting branch indexing...
 > git --version # timeout=10
 > git ls-remote --symref -- file:///app # timeout=10
 > git rev-parse --is-inside-work-tree # timeout=10
Setting origin to file:///app
 > git config remote.origin.url file:///app # timeout=10
Fetching & pruning origin...
Listing remote references...
 > git config --get remote.origin.url # timeout=10
 > git --version # timeout=10
 > git ls-remote -h -- file:///app # timeout=10
Fetching upstream changes from origin
 > git config --get remote.origin.url # timeout=10
 > git fetch --tags --force --progress --prune -- origin +refs/heads/*:refs/remotes/origin/* # timeout=10
Checking branches...
  Checking branch master
      ‘Jenkinsfile’ found
    Met criteria
Scheduled build for branch: master
Processed 1 branches
[Sat Feb 29 00:05:49 GMT 2020] Finished branch indexing. Indexing took 0.36 sec
Finished: SUCCESS
